{"/home/marcmenard/ticket-tracker/server/localPool.js": {"path":"/home/marcmenard/ticket-tracker/server/localPool.js","statementMap":{"0":{"start":{"line":1,"column":0},"end":{"line":1,"column":27}},"1":{"start":{"line":2,"column":15},"end":{"line":2,"column":28}},"2":{"start":{"line":9,"column":21},"end":{"line":9,"column":32}},"3":{"start":{"line":12,"column":13},"end":{"line":18,"column":2}},"4":{"start":{"line":20,"column":0},"end":{"line":20,"column":22}}},"fnMap":{},"branchMap":{},"s":{"0":1,"1":1,"2":1,"3":1,"4":1},"f":{},"b":{},"_coverageSchema":"1a1c01bbd47fc00a2c39e90264f33305004495a9","hash":"13f41920843bc57d15db4d2c1746a5fc02bde079"}
,"/home/marcmenard/ticket-tracker/server/mockServer.js": {"path":"/home/marcmenard/ticket-tracker/server/mockServer.js","statementMap":{"0":{"start":{"line":2,"column":20},"end":{"line":2,"column":38}},"1":{"start":{"line":3,"column":16},"end":{"line":3,"column":25}},"2":{"start":{"line":5,"column":19},"end":{"line":5,"column":46}},"3":{"start":{"line":7,"column":8},"end":{"line":7,"column":32}},"4":{"start":{"line":8,"column":22},"end":{"line":8,"column":35}},"5":{"start":{"line":10,"column":21},"end":{"line":16,"column":10}},"6":{"start":{"line":19,"column":8},"end":{"line":26,"column":10}},"7":{"start":{"line":20,"column":12},"end":{"line":25,"column":14}},"8":{"start":{"line":24,"column":12},"end":{"line":24,"column":34}},"9":{"start":{"line":28,"column":8},"end":{"line":32,"column":10}},"10":{"start":{"line":29,"column":12},"end":{"line":31,"column":14}},"11":{"start":{"line":30,"column":16},"end":{"line":30,"column":43}},"12":{"start":{"line":34,"column":8},"end":{"line":36,"column":11}},"13":{"start":{"line":38,"column":0},"end":{"line":38,"column":23}}},"fnMap":{"0":{"name":"(anonymous_0)","decl":{"start":{"line":19,"column":29},"end":{"line":19,"column":30}},"loc":{"start":{"line":19,"column":43},"end":{"line":26,"column":9}},"line":19},"1":{"name":"(anonymous_1)","decl":{"start":{"line":20,"column":54},"end":{"line":20,"column":55}},"loc":{"start":{"line":20,"column":66},"end":{"line":25,"column":13}},"line":20},"2":{"name":"(anonymous_2)","decl":{"start":{"line":28,"column":27},"end":{"line":28,"column":28}},"loc":{"start":{"line":28,"column":41},"end":{"line":32,"column":9}},"line":28},"3":{"name":"(anonymous_3)","decl":{"start":{"line":29,"column":53},"end":{"line":29,"column":54}},"loc":{"start":{"line":29,"column":69},"end":{"line":31,"column":13}},"line":29},"4":{"name":"(anonymous_4)","decl":{"start":{"line":34,"column":25},"end":{"line":34,"column":26}},"loc":{"start":{"line":34,"column":30},"end":{"line":36,"column":9}},"line":34}},"branchMap":{},"s":{"0":1,"1":1,"2":1,"3":1,"4":1,"5":1,"6":1,"7":3,"8":3,"9":1,"10":3,"11":3,"12":1,"13":1},"f":{"0":3,"1":3,"2":3,"3":3,"4":1},"b":{},"_coverageSchema":"1a1c01bbd47fc00a2c39e90264f33305004495a9","hash":"44eabd5dc10dfb695f15a5890860270a9b7077fb"}
,"/home/marcmenard/ticket-tracker/server/s3.js": {"path":"/home/marcmenard/ticket-tracker/server/s3.js","statementMap":{"0":{"start":{"line":1,"column":12},"end":{"line":1,"column":30}},"1":{"start":{"line":2,"column":15},"end":{"line":2,"column":32}},"2":{"start":{"line":3,"column":20},"end":{"line":3,"column":35}},"3":{"start":{"line":4,"column":20},"end":{"line":4,"column":49}},"4":{"start":{"line":6,"column":0},"end":{"line":6,"column":26}},"5":{"start":{"line":8,"column":15},"end":{"line":8,"column":26}},"6":{"start":{"line":9,"column":19},"end":{"line":9,"column":40}},"7":{"start":{"line":10,"column":20},"end":{"line":10,"column":49}},"8":{"start":{"line":11,"column":24},"end":{"line":11,"column":57}},"9":{"start":{"line":13,"column":11},"end":{"line":18,"column":2}},"10":{"start":{"line":20,"column":26},"end":{"line":32,"column":1}},"11":{"start":{"line":21,"column":21},"end":{"line":21,"column":42}},"12":{"start":{"line":22,"column":22},"end":{"line":22,"column":46}},"13":{"start":{"line":24,"column":17},"end":{"line":28,"column":3}},"14":{"start":{"line":30,"column":20},"end":{"line":30,"column":69}},"15":{"start":{"line":31,"column":2},"end":{"line":31,"column":19}},"16":{"start":{"line":35,"column":0},"end":{"line":35,"column":34}}},"fnMap":{"0":{"name":"(anonymous_0)","decl":{"start":{"line":20,"column":26},"end":{"line":20,"column":27}},"loc":{"start":{"line":20,"column":37},"end":{"line":32,"column":1}},"line":20}},"branchMap":{},"s":{"0":1,"1":1,"2":1,"3":1,"4":1,"5":1,"6":1,"7":1,"8":1,"9":1,"10":1,"11":0,"12":0,"13":0,"14":0,"15":0,"16":1},"f":{"0":0},"b":{},"_coverageSchema":"1a1c01bbd47fc00a2c39e90264f33305004495a9","hash":"f2810017dc755b974a4a98d465eae0fd80844333"}
,"/home/marcmenard/ticket-tracker/server/server.js": {"path":"/home/marcmenard/ticket-tracker/server/server.js","statementMap":{"0":{"start":{"line":1,"column":16},"end":{"line":1,"column":34}},"1":{"start":{"line":2,"column":13},"end":{"line":2,"column":28}},"2":{"start":{"line":3,"column":0},"end":{"line":3,"column":27}},"3":{"start":{"line":6,"column":12},"end":{"line":6,"column":21}},"4":{"start":{"line":7,"column":19},"end":{"line":7,"column":46}},"5":{"start":{"line":8,"column":13},"end":{"line":8,"column":37}},"6":{"start":{"line":10,"column":18},"end":{"line":10,"column":42}},"7":{"start":{"line":11,"column":19},"end":{"line":11,"column":44}},"8":{"start":{"line":12,"column":18},"end":{"line":12,"column":42}},"9":{"start":{"line":13,"column":18},"end":{"line":13,"column":55}},"10":{"start":{"line":14,"column":26},"end":{"line":14,"column":44}},"11":{"start":{"line":15,"column":23},"end":{"line":15,"column":55}},"12":{"start":{"line":17,"column":0},"end":{"line":17,"column":16}},"13":{"start":{"line":18,"column":0},"end":{"line":18,"column":24}},"14":{"start":{"line":21,"column":0},"end":{"line":24,"column":2}},"15":{"start":{"line":22,"column":14},"end":{"line":22,"column":39}},"16":{"start":{"line":23,"column":2},"end":{"line":23,"column":17}},"17":{"start":{"line":27,"column":0},"end":{"line":27,"column":30}},"18":{"start":{"line":28,"column":0},"end":{"line":28,"column":28}},"19":{"start":{"line":29,"column":0},"end":{"line":29,"column":27}},"20":{"start":{"line":30,"column":0},"end":{"line":30,"column":31}},"21":{"start":{"line":31,"column":0},"end":{"line":31,"column":34}},"22":{"start":{"line":33,"column":0},"end":{"line":35,"column":3}},"23":{"start":{"line":34,"column":2},"end":{"line":34,"column":43}},"24":{"start":{"line":37,"column":0},"end":{"line":37,"column":27}}},"fnMap":{"0":{"name":"(anonymous_0)","decl":{"start":{"line":21,"column":18},"end":{"line":21,"column":19}},"loc":{"start":{"line":21,"column":36},"end":{"line":24,"column":1}},"line":21},"1":{"name":"(anonymous_1)","decl":{"start":{"line":33,"column":17},"end":{"line":33,"column":18}},"loc":{"start":{"line":33,"column":23},"end":{"line":35,"column":1}},"line":33}},"branchMap":{"0":{"loc":{"start":{"line":8,"column":13},"end":{"line":8,"column":37}},"type":"binary-expr","locations":[{"start":{"line":8,"column":13},"end":{"line":8,"column":29}},{"start":{"line":8,"column":33},"end":{"line":8,"column":37}}],"line":8}},"s":{"0":1,"1":1,"2":1,"3":1,"4":1,"5":1,"6":1,"7":1,"8":1,"9":1,"10":1,"11":1,"12":1,"13":1,"14":1,"15":0,"16":0,"17":1,"18":1,"19":1,"20":1,"21":1,"22":1,"23":1,"24":1},"f":{"0":0,"1":1},"b":{"0":[1,1]},"_coverageSchema":"1a1c01bbd47fc00a2c39e90264f33305004495a9","hash":"37480b134eb775e0f42c4e744d9aaf600e72ed47"}
,"/home/marcmenard/ticket-tracker/server/AuthRoute/authToken.js": {"path":"/home/marcmenard/ticket-tracker/server/AuthRoute/authToken.js","statementMap":{"0":{"start":{"line":1,"column":12},"end":{"line":1,"column":35}},"1":{"start":{"line":2,"column":0},"end":{"line":2,"column":26}},"2":{"start":{"line":4,"column":23},"end":{"line":12,"column":1}},"3":{"start":{"line":5,"column":23},"end":{"line":5,"column":51}},"4":{"start":{"line":6,"column":18},"end":{"line":6,"column":56}},"5":{"start":{"line":7,"column":4},"end":{"line":7,"column":50}},"6":{"start":{"line":7,"column":24},"end":{"line":7,"column":50}},"7":{"start":{"line":8,"column":4},"end":{"line":11,"column":7}},"8":{"start":{"line":9,"column":8},"end":{"line":9,"column":45}},"9":{"start":{"line":9,"column":19},"end":{"line":9,"column":45}},"10":{"start":{"line":10,"column":8},"end":{"line":10,"column":22}},"11":{"start":{"line":14,"column":0},"end":{"line":14,"column":32}}},"fnMap":{"0":{"name":"(anonymous_0)","decl":{"start":{"line":4,"column":23},"end":{"line":4,"column":24}},"loc":{"start":{"line":4,"column":37},"end":{"line":12,"column":1}},"line":4},"1":{"name":"(anonymous_1)","decl":{"start":{"line":8,"column":48},"end":{"line":8,"column":49}},"loc":{"start":{"line":8,"column":65},"end":{"line":11,"column":5}},"line":8}},"branchMap":{"0":{"loc":{"start":{"line":6,"column":18},"end":{"line":6,"column":56}},"type":"binary-expr","locations":[{"start":{"line":6,"column":18},"end":{"line":6,"column":28}},{"start":{"line":6,"column":32},"end":{"line":6,"column":56}}],"line":6},"1":{"loc":{"start":{"line":7,"column":4},"end":{"line":7,"column":50}},"type":"if","locations":[{"start":{"line":7,"column":4},"end":{"line":7,"column":50}},{"start":{},"end":{}}],"line":7},"2":{"loc":{"start":{"line":9,"column":8},"end":{"line":9,"column":45}},"type":"if","locations":[{"start":{"line":9,"column":8},"end":{"line":9,"column":45}},{"start":{},"end":{}}],"line":9}},"s":{"0":1,"1":1,"2":1,"3":0,"4":0,"5":0,"6":0,"7":0,"8":0,"9":0,"10":0,"11":1},"f":{"0":0,"1":0},"b":{"0":[0,0],"1":[0,0],"2":[0,0]},"_coverageSchema":"1a1c01bbd47fc00a2c39e90264f33305004495a9","hash":"7b276b7e0595055645430b1a23f1bcc96965e7f6"}
,"/home/marcmenard/ticket-tracker/server/AuthRoute/register_login.js": {"path":"/home/marcmenard/ticket-tracker/server/AuthRoute/register_login.js","statementMap":{"0":{"start":{"line":1,"column":16},"end":{"line":1,"column":34}},"1":{"start":{"line":2,"column":15},"end":{"line":2,"column":32}},"2":{"start":{"line":3,"column":12},"end":{"line":3,"column":35}},"3":{"start":{"line":5,"column":13},"end":{"line":5,"column":39}},"4":{"start":{"line":6,"column":0},"end":{"line":6,"column":26}},"5":{"start":{"line":7,"column":36},"end":{"line":7,"column":64}},"6":{"start":{"line":8,"column":18},"end":{"line":8,"column":34}},"7":{"start":{"line":10,"column":0},"end":{"line":49,"column":3}},"8":{"start":{"line":18,"column":52},"end":{"line":18,"column":60}},"9":{"start":{"line":20,"column":18},"end":{"line":20,"column":68}},"10":{"start":{"line":20,"column":64},"end":{"line":20,"column":67}},"11":{"start":{"line":22,"column":4},"end":{"line":47,"column":5}},"12":{"start":{"line":23,"column":8},"end":{"line":23,"column":43}},"13":{"start":{"line":26,"column":25},"end":{"line":26,"column":67}},"14":{"start":{"line":27,"column":24},"end":{"line":27,"column":71}},"15":{"start":{"line":27,"column":47},"end":{"line":27,"column":70}},"16":{"start":{"line":30,"column":8},"end":{"line":45,"column":9}},"17":{"start":{"line":31,"column":12},"end":{"line":31,"column":54}},"18":{"start":{"line":33,"column":12},"end":{"line":44,"column":13}},"19":{"start":{"line":35,"column":29},"end":{"line":35,"column":53}},"20":{"start":{"line":37,"column":39},"end":{"line":37,"column":72}},"21":{"start":{"line":38,"column":34},"end":{"line":38,"column":52}},"22":{"start":{"line":40,"column":33},"end":{"line":40,"column":212}},"23":{"start":{"line":41,"column":16},"end":{"line":41,"column":31}},"24":{"start":{"line":43,"column":16},"end":{"line":43,"column":52}},"25":{"start":{"line":51,"column":0},"end":{"line":98,"column":3}},"26":{"start":{"line":52,"column":32},"end":{"line":52,"column":40}},"27":{"start":{"line":54,"column":4},"end":{"line":54,"column":83}},"28":{"start":{"line":54,"column":41},"end":{"line":54,"column":83}},"29":{"start":{"line":57,"column":21},"end":{"line":57,"column":262}},"30":{"start":{"line":59,"column":20},"end":{"line":59,"column":67}},"31":{"start":{"line":59,"column":43},"end":{"line":59,"column":66}},"32":{"start":{"line":62,"column":4},"end":{"line":62,"column":80}},"33":{"start":{"line":62,"column":30},"end":{"line":62,"column":80}},"34":{"start":{"line":64,"column":4},"end":{"line":97,"column":5}},"35":{"start":{"line":66,"column":21},"end":{"line":66,"column":31}},"36":{"start":{"line":68,"column":29},"end":{"line":68,"column":74}},"37":{"start":{"line":71,"column":8},"end":{"line":94,"column":9}},"38":{"start":{"line":72,"column":32},"end":{"line":79,"column":40}},"39":{"start":{"line":81,"column":12},"end":{"line":90,"column":15}},"40":{"start":{"line":92,"column":15},"end":{"line":94,"column":9}},"41":{"start":{"line":93,"column":12},"end":{"line":93,"column":63}},"42":{"start":{"line":96,"column":8},"end":{"line":96,"column":34}},"43":{"start":{"line":100,"column":0},"end":{"line":100,"column":27}}},"fnMap":{"0":{"name":"(anonymous_0)","decl":{"start":{"line":16,"column":3},"end":{"line":16,"column":4}},"loc":{"start":{"line":16,"column":23},"end":{"line":49,"column":1}},"line":16},"1":{"name":"(anonymous_1)","decl":{"start":{"line":20,"column":51},"end":{"line":20,"column":52}},"loc":{"start":{"line":20,"column":64},"end":{"line":20,"column":67}},"line":20},"2":{"name":"(anonymous_2)","decl":{"start":{"line":27,"column":36},"end":{"line":27,"column":37}},"loc":{"start":{"line":27,"column":47},"end":{"line":27,"column":70}},"line":27},"3":{"name":"(anonymous_3)","decl":{"start":{"line":51,"column":25},"end":{"line":51,"column":26}},"loc":{"start":{"line":51,"column":45},"end":{"line":98,"column":1}},"line":51},"4":{"name":"(anonymous_4)","decl":{"start":{"line":59,"column":32},"end":{"line":59,"column":33}},"loc":{"start":{"line":59,"column":43},"end":{"line":59,"column":66}},"line":59}},"branchMap":{"0":{"loc":{"start":{"line":22,"column":4},"end":{"line":47,"column":5}},"type":"if","locations":[{"start":{"line":22,"column":4},"end":{"line":47,"column":5}},{"start":{"line":24,"column":11},"end":{"line":47,"column":5}}],"line":22},"1":{"loc":{"start":{"line":30,"column":8},"end":{"line":45,"column":9}},"type":"if","locations":[{"start":{"line":30,"column":8},"end":{"line":45,"column":9}},{"start":{"line":32,"column":15},"end":{"line":45,"column":9}}],"line":30},"2":{"loc":{"start":{"line":54,"column":4},"end":{"line":54,"column":83}},"type":"if","locations":[{"start":{"line":54,"column":4},"end":{"line":54,"column":83}},{"start":{},"end":{}}],"line":54},"3":{"loc":{"start":{"line":54,"column":8},"end":{"line":54,"column":39}},"type":"binary-expr","locations":[{"start":{"line":54,"column":8},"end":{"line":54,"column":20}},{"start":{"line":54,"column":24},"end":{"line":54,"column":39}}],"line":54},"4":{"loc":{"start":{"line":62,"column":4},"end":{"line":62,"column":80}},"type":"if","locations":[{"start":{"line":62,"column":4},"end":{"line":62,"column":80}},{"start":{},"end":{}}],"line":62},"5":{"loc":{"start":{"line":71,"column":8},"end":{"line":94,"column":9}},"type":"if","locations":[{"start":{"line":71,"column":8},"end":{"line":94,"column":9}},{"start":{"line":92,"column":15},"end":{"line":94,"column":9}}],"line":71},"6":{"loc":{"start":{"line":92,"column":15},"end":{"line":94,"column":9}},"type":"if","locations":[{"start":{"line":92,"column":15},"end":{"line":94,"column":9}},{"start":{},"end":{}}],"line":92}},"s":{"0":1,"1":1,"2":1,"3":1,"4":1,"5":1,"6":1,"7":1,"8":0,"9":0,"10":0,"11":0,"12":0,"13":0,"14":0,"15":0,"16":0,"17":0,"18":0,"19":0,"20":0,"21":0,"22":0,"23":0,"24":0,"25":1,"26":0,"27":0,"28":0,"29":0,"30":0,"31":0,"32":0,"33":0,"34":0,"35":0,"36":0,"37":0,"38":0,"39":0,"40":0,"41":0,"42":0,"43":1},"f":{"0":0,"1":0,"2":0,"3":0,"4":0},"b":{"0":[0,0],"1":[0,0],"2":[0,0],"3":[0,0],"4":[0,0],"5":[0,0],"6":[0,0]},"_coverageSchema":"1a1c01bbd47fc00a2c39e90264f33305004495a9","hash":"8da5bd390b51eb6eeb25fdbc2cdb2109ba9165f3"}
,"/home/marcmenard/ticket-tracker/server/routes/Admin.js": {"path":"/home/marcmenard/ticket-tracker/server/routes/Admin.js","statementMap":{"0":{"start":{"line":1,"column":16},"end":{"line":1,"column":34}},"1":{"start":{"line":3,"column":13},"end":{"line":3,"column":39}},"2":{"start":{"line":5,"column":19},"end":{"line":5,"column":35}},"3":{"start":{"line":7,"column":0},"end":{"line":14,"column":3}},"4":{"start":{"line":8,"column":2},"end":{"line":13,"column":3}},"5":{"start":{"line":9,"column":21},"end":{"line":9,"column":63}},"6":{"start":{"line":10,"column":4},"end":{"line":10,"column":31}},"7":{"start":{"line":12,"column":4},"end":{"line":12,"column":31}},"8":{"start":{"line":17,"column":0},"end":{"line":24,"column":3}},"9":{"start":{"line":18,"column":2},"end":{"line":23,"column":3}},"10":{"start":{"line":19,"column":21},"end":{"line":19,"column":211}},"11":{"start":{"line":20,"column":4},"end":{"line":20,"column":31}},"12":{"start":{"line":22,"column":4},"end":{"line":22,"column":31}},"13":{"start":{"line":28,"column":0},"end":{"line":38,"column":3}},"14":{"start":{"line":29,"column":17},"end":{"line":29,"column":27}},"15":{"start":{"line":30,"column":2},"end":{"line":37,"column":3}},"16":{"start":{"line":31,"column":21},"end":{"line":33,"column":6}},"17":{"start":{"line":34,"column":4},"end":{"line":34,"column":31}},"18":{"start":{"line":36,"column":4},"end":{"line":36,"column":31}},"19":{"start":{"line":40,"column":0},"end":{"line":52,"column":3}},"20":{"start":{"line":42,"column":4},"end":{"line":42,"column":12}},"21":{"start":{"line":43,"column":2},"end":{"line":51,"column":3}},"22":{"start":{"line":44,"column":21},"end":{"line":47,"column":5}},"23":{"start":{"line":48,"column":4},"end":{"line":48,"column":31}},"24":{"start":{"line":50,"column":4},"end":{"line":50,"column":31}},"25":{"start":{"line":54,"column":0},"end":{"line":66,"column":3}},"26":{"start":{"line":55,"column":17},"end":{"line":55,"column":27}},"27":{"start":{"line":56,"column":2},"end":{"line":65,"column":3}},"28":{"start":{"line":57,"column":25},"end":{"line":57,"column":33}},"29":{"start":{"line":58,"column":21},"end":{"line":61,"column":5}},"30":{"start":{"line":62,"column":4},"end":{"line":62,"column":31}},"31":{"start":{"line":64,"column":4},"end":{"line":64,"column":31}},"32":{"start":{"line":68,"column":0},"end":{"line":79,"column":3}},"33":{"start":{"line":69,"column":17},"end":{"line":69,"column":27}},"34":{"start":{"line":70,"column":2},"end":{"line":78,"column":3}},"35":{"start":{"line":71,"column":21},"end":{"line":74,"column":5}},"36":{"start":{"line":75,"column":4},"end":{"line":75,"column":31}},"37":{"start":{"line":77,"column":4},"end":{"line":77,"column":31}},"38":{"start":{"line":84,"column":0},"end":{"line":84,"column":28}}},"fnMap":{"0":{"name":"(anonymous_0)","decl":{"start":{"line":7,"column":28},"end":{"line":7,"column":29}},"loc":{"start":{"line":7,"column":48},"end":{"line":14,"column":1}},"line":7},"1":{"name":"(anonymous_1)","decl":{"start":{"line":17,"column":27},"end":{"line":17,"column":28}},"loc":{"start":{"line":17,"column":47},"end":{"line":24,"column":1}},"line":17},"2":{"name":"(anonymous_2)","decl":{"start":{"line":28,"column":32},"end":{"line":28,"column":33}},"loc":{"start":{"line":28,"column":52},"end":{"line":38,"column":1}},"line":28},"3":{"name":"(anonymous_3)","decl":{"start":{"line":40,"column":36},"end":{"line":40,"column":37}},"loc":{"start":{"line":40,"column":56},"end":{"line":52,"column":1}},"line":40},"4":{"name":"(anonymous_4)","decl":{"start":{"line":54,"column":39},"end":{"line":54,"column":40}},"loc":{"start":{"line":54,"column":59},"end":{"line":66,"column":1}},"line":54},"5":{"name":"(anonymous_5)","decl":{"start":{"line":68,"column":41},"end":{"line":68,"column":42}},"loc":{"start":{"line":68,"column":61},"end":{"line":79,"column":1}},"line":68}},"branchMap":{},"s":{"0":1,"1":1,"2":1,"3":1,"4":0,"5":0,"6":0,"7":0,"8":1,"9":0,"10":0,"11":0,"12":0,"13":1,"14":0,"15":0,"16":0,"17":0,"18":0,"19":1,"20":0,"21":0,"22":0,"23":0,"24":0,"25":1,"26":0,"27":0,"28":0,"29":0,"30":0,"31":0,"32":1,"33":0,"34":0,"35":0,"36":0,"37":0,"38":1},"f":{"0":0,"1":0,"2":0,"3":0,"4":0,"5":0},"b":{},"_coverageSchema":"1a1c01bbd47fc00a2c39e90264f33305004495a9","hash":"8471369b1fbef509d636f0e0cd57eedb0457612e"}
,"/home/marcmenard/ticket-tracker/server/routes/Tech.js": {"path":"/home/marcmenard/ticket-tracker/server/routes/Tech.js","statementMap":{"0":{"start":{"line":1,"column":16},"end":{"line":1,"column":34}},"1":{"start":{"line":3,"column":13},"end":{"line":3,"column":39}},"2":{"start":{"line":4,"column":18},"end":{"line":4,"column":34}},"3":{"start":{"line":5,"column":34},"end":{"line":5,"column":62}},"4":{"start":{"line":7,"column":0},"end":{"line":18,"column":3}},"5":{"start":{"line":8,"column":2},"end":{"line":17,"column":3}},"6":{"start":{"line":9,"column":19},"end":{"line":9,"column":29}},"7":{"start":{"line":10,"column":21},"end":{"line":13,"column":5}},"8":{"start":{"line":14,"column":4},"end":{"line":14,"column":31}},"9":{"start":{"line":16,"column":4},"end":{"line":16,"column":31}},"10":{"start":{"line":22,"column":0},"end":{"line":34,"column":3}},"11":{"start":{"line":23,"column":2},"end":{"line":33,"column":3}},"12":{"start":{"line":24,"column":19},"end":{"line":24,"column":29}},"13":{"start":{"line":25,"column":21},"end":{"line":28,"column":5}},"14":{"start":{"line":30,"column":4},"end":{"line":30,"column":30}},"15":{"start":{"line":32,"column":4},"end":{"line":32,"column":30}},"16":{"start":{"line":36,"column":0},"end":{"line":45,"column":3}},"17":{"start":{"line":37,"column":15},"end":{"line":37,"column":25}},"18":{"start":{"line":38,"column":21},"end":{"line":38,"column":29}},"19":{"start":{"line":39,"column":2},"end":{"line":44,"column":3}},"20":{"start":{"line":40,"column":21},"end":{"line":40,"column":120}},"21":{"start":{"line":41,"column":4},"end":{"line":41,"column":18}},"22":{"start":{"line":43,"column":4},"end":{"line":43,"column":49}},"23":{"start":{"line":47,"column":0},"end":{"line":56,"column":3}},"24":{"start":{"line":48,"column":15},"end":{"line":48,"column":25}},"25":{"start":{"line":49,"column":19},"end":{"line":49,"column":27}},"26":{"start":{"line":50,"column":2},"end":{"line":55,"column":3}},"27":{"start":{"line":51,"column":21},"end":{"line":51,"column":116}},"28":{"start":{"line":52,"column":4},"end":{"line":52,"column":18}},"29":{"start":{"line":54,"column":4},"end":{"line":54,"column":50}},"30":{"start":{"line":58,"column":0},"end":{"line":69,"column":3}},"31":{"start":{"line":59,"column":2},"end":{"line":68,"column":3}},"32":{"start":{"line":60,"column":19},"end":{"line":60,"column":29}},"33":{"start":{"line":61,"column":21},"end":{"line":64,"column":5}},"34":{"start":{"line":65,"column":4},"end":{"line":65,"column":31}},"35":{"start":{"line":67,"column":4},"end":{"line":67,"column":31}},"36":{"start":{"line":71,"column":0},"end":{"line":88,"column":3}},"37":{"start":{"line":73,"column":40},"end":{"line":73,"column":48}},"38":{"start":{"line":74,"column":13},"end":{"line":74,"column":60}},"39":{"start":{"line":74,"column":56},"end":{"line":74,"column":59}},"40":{"start":{"line":75,"column":0},"end":{"line":87,"column":1}},"41":{"start":{"line":76,"column":2},"end":{"line":76,"column":48}},"42":{"start":{"line":78,"column":4},"end":{"line":86,"column":3}},"43":{"start":{"line":79,"column":21},"end":{"line":82,"column":5}},"44":{"start":{"line":83,"column":4},"end":{"line":83,"column":31}},"45":{"start":{"line":85,"column":4},"end":{"line":85,"column":31}},"46":{"start":{"line":105,"column":0},"end":{"line":105,"column":27}}},"fnMap":{"0":{"name":"(anonymous_0)","decl":{"start":{"line":7,"column":37},"end":{"line":7,"column":38}},"loc":{"start":{"line":7,"column":57},"end":{"line":18,"column":1}},"line":7},"1":{"name":"(anonymous_1)","decl":{"start":{"line":22,"column":29},"end":{"line":22,"column":30}},"loc":{"start":{"line":22,"column":49},"end":{"line":34,"column":1}},"line":22},"2":{"name":"(anonymous_2)","decl":{"start":{"line":36,"column":36},"end":{"line":36,"column":37}},"loc":{"start":{"line":36,"column":56},"end":{"line":45,"column":1}},"line":36},"3":{"name":"(anonymous_3)","decl":{"start":{"line":47,"column":38},"end":{"line":47,"column":39}},"loc":{"start":{"line":47,"column":58},"end":{"line":56,"column":1}},"line":47},"4":{"name":"(anonymous_4)","decl":{"start":{"line":58,"column":37},"end":{"line":58,"column":38}},"loc":{"start":{"line":58,"column":57},"end":{"line":69,"column":1}},"line":58},"5":{"name":"(anonymous_5)","decl":{"start":{"line":71,"column":103},"end":{"line":71,"column":104}},"loc":{"start":{"line":71,"column":123},"end":{"line":88,"column":1}},"line":71},"6":{"name":"(anonymous_6)","decl":{"start":{"line":74,"column":46},"end":{"line":74,"column":47}},"loc":{"start":{"line":74,"column":56},"end":{"line":74,"column":59}},"line":74}},"branchMap":{"0":{"loc":{"start":{"line":75,"column":0},"end":{"line":87,"column":1}},"type":"if","locations":[{"start":{"line":75,"column":0},"end":{"line":87,"column":1}},{"start":{"line":77,"column":5},"end":{"line":87,"column":1}}],"line":75}},"s":{"0":1,"1":1,"2":1,"3":1,"4":1,"5":0,"6":0,"7":0,"8":0,"9":0,"10":1,"11":0,"12":0,"13":0,"14":0,"15":0,"16":1,"17":0,"18":0,"19":0,"20":0,"21":0,"22":0,"23":1,"24":0,"25":0,"26":0,"27":0,"28":0,"29":0,"30":1,"31":0,"32":0,"33":0,"34":0,"35":0,"36":1,"37":0,"38":0,"39":0,"40":0,"41":0,"42":0,"43":0,"44":0,"45":0,"46":1},"f":{"0":0,"1":0,"2":0,"3":0,"4":0,"5":0,"6":0},"b":{"0":[0,0]},"_coverageSchema":"1a1c01bbd47fc00a2c39e90264f33305004495a9","hash":"46572e4a0df5b55691ab3bbe925e924148f8133d"}
,"/home/marcmenard/ticket-tracker/server/routes/User.js": {"path":"/home/marcmenard/ticket-tracker/server/routes/User.js","statementMap":{"0":{"start":{"line":1,"column":16},"end":{"line":1,"column":34}},"1":{"start":{"line":3,"column":13},"end":{"line":3,"column":39}},"2":{"start":{"line":4,"column":18},"end":{"line":4,"column":34}},"3":{"start":{"line":5,"column":34},"end":{"line":5,"column":62}},"4":{"start":{"line":7,"column":0},"end":{"line":18,"column":3}},"5":{"start":{"line":8,"column":2},"end":{"line":17,"column":3}},"6":{"start":{"line":9,"column":19},"end":{"line":9,"column":29}},"7":{"start":{"line":10,"column":21},"end":{"line":13,"column":5}},"8":{"start":{"line":14,"column":4},"end":{"line":14,"column":31}},"9":{"start":{"line":16,"column":4},"end":{"line":16,"column":31}},"10":{"start":{"line":20,"column":0},"end":{"line":68,"column":3}},"11":{"start":{"line":38,"column":6},"end":{"line":38,"column":14}},"12":{"start":{"line":40,"column":13},"end":{"line":40,"column":60}},"13":{"start":{"line":40,"column":56},"end":{"line":40,"column":59}},"14":{"start":{"line":42,"column":2},"end":{"line":66,"column":3}},"15":{"start":{"line":43,"column":4},"end":{"line":43,"column":50}},"16":{"start":{"line":45,"column":4},"end":{"line":65,"column":5}},"17":{"start":{"line":46,"column":23},"end":{"line":61,"column":7}},"18":{"start":{"line":62,"column":6},"end":{"line":62,"column":33}},"19":{"start":{"line":64,"column":6},"end":{"line":64,"column":33}},"20":{"start":{"line":70,"column":0},"end":{"line":81,"column":3}},"21":{"start":{"line":71,"column":2},"end":{"line":80,"column":3}},"22":{"start":{"line":72,"column":19},"end":{"line":72,"column":29}},"23":{"start":{"line":73,"column":21},"end":{"line":76,"column":5}},"24":{"start":{"line":77,"column":4},"end":{"line":77,"column":31}},"25":{"start":{"line":79,"column":4},"end":{"line":79,"column":31}},"26":{"start":{"line":83,"column":0},"end":{"line":94,"column":3}},"27":{"start":{"line":84,"column":2},"end":{"line":93,"column":3}},"28":{"start":{"line":85,"column":19},"end":{"line":85,"column":29}},"29":{"start":{"line":86,"column":21},"end":{"line":89,"column":5}},"30":{"start":{"line":90,"column":4},"end":{"line":90,"column":31}},"31":{"start":{"line":92,"column":4},"end":{"line":92,"column":31}},"32":{"start":{"line":96,"column":0},"end":{"line":108,"column":3}},"33":{"start":{"line":97,"column":2},"end":{"line":107,"column":3}},"34":{"start":{"line":98,"column":19},"end":{"line":98,"column":29}},"35":{"start":{"line":99,"column":20},"end":{"line":99,"column":28}},"36":{"start":{"line":100,"column":21},"end":{"line":103,"column":5}},"37":{"start":{"line":104,"column":4},"end":{"line":104,"column":31}},"38":{"start":{"line":106,"column":4},"end":{"line":106,"column":31}},"39":{"start":{"line":110,"column":0},"end":{"line":110,"column":27}}},"fnMap":{"0":{"name":"(anonymous_0)","decl":{"start":{"line":7,"column":22},"end":{"line":7,"column":23}},"loc":{"start":{"line":7,"column":42},"end":{"line":18,"column":1}},"line":7},"1":{"name":"(anonymous_1)","decl":{"start":{"line":25,"column":3},"end":{"line":25,"column":4}},"loc":{"start":{"line":25,"column":23},"end":{"line":68,"column":1}},"line":25},"2":{"name":"(anonymous_2)","decl":{"start":{"line":40,"column":46},"end":{"line":40,"column":47}},"loc":{"start":{"line":40,"column":56},"end":{"line":40,"column":59}},"line":40},"3":{"name":"(anonymous_3)","decl":{"start":{"line":70,"column":39},"end":{"line":70,"column":40}},"loc":{"start":{"line":70,"column":59},"end":{"line":81,"column":1}},"line":70},"4":{"name":"(anonymous_4)","decl":{"start":{"line":83,"column":38},"end":{"line":83,"column":39}},"loc":{"start":{"line":83,"column":58},"end":{"line":94,"column":1}},"line":83},"5":{"name":"(anonymous_5)","decl":{"start":{"line":96,"column":24},"end":{"line":96,"column":25}},"loc":{"start":{"line":96,"column":44},"end":{"line":108,"column":1}},"line":96}},"branchMap":{"0":{"loc":{"start":{"line":42,"column":2},"end":{"line":66,"column":3}},"type":"if","locations":[{"start":{"line":42,"column":2},"end":{"line":66,"column":3}},{"start":{"line":44,"column":7},"end":{"line":66,"column":3}}],"line":42}},"s":{"0":1,"1":1,"2":1,"3":1,"4":1,"5":0,"6":0,"7":0,"8":0,"9":0,"10":1,"11":0,"12":0,"13":0,"14":0,"15":0,"16":0,"17":0,"18":0,"19":0,"20":1,"21":0,"22":0,"23":0,"24":0,"25":0,"26":1,"27":0,"28":0,"29":0,"30":0,"31":0,"32":1,"33":0,"34":0,"35":0,"36":0,"37":0,"38":0,"39":1},"f":{"0":0,"1":0,"2":0,"3":0,"4":0,"5":0},"b":{"0":[0,0]},"_coverageSchema":"1a1c01bbd47fc00a2c39e90264f33305004495a9","hash":"b60cd8bacf47dbaa3102456504cd2a7627131080"}
}
