{"/home/marcmenard/ticket-tracker/server/mockServer.js": {"path":"/home/marcmenard/ticket-tracker/server/mockServer.js","statementMap":{"0":{"start":{"line":2,"column":20},"end":{"line":2,"column":38}},"1":{"start":{"line":3,"column":16},"end":{"line":3,"column":25}},"2":{"start":{"line":5,"column":19},"end":{"line":5,"column":46}},"3":{"start":{"line":7,"column":8},"end":{"line":7,"column":32}},"4":{"start":{"line":8,"column":22},"end":{"line":8,"column":35}},"5":{"start":{"line":10,"column":21},"end":{"line":16,"column":10}},"6":{"start":{"line":19,"column":8},"end":{"line":26,"column":10}},"7":{"start":{"line":20,"column":12},"end":{"line":25,"column":14}},"8":{"start":{"line":24,"column":12},"end":{"line":24,"column":34}},"9":{"start":{"line":28,"column":8},"end":{"line":32,"column":10}},"10":{"start":{"line":29,"column":12},"end":{"line":31,"column":14}},"11":{"start":{"line":30,"column":16},"end":{"line":30,"column":43}},"12":{"start":{"line":34,"column":8},"end":{"line":36,"column":11}},"13":{"start":{"line":38,"column":0},"end":{"line":38,"column":23}}},"fnMap":{"0":{"name":"(anonymous_0)","decl":{"start":{"line":19,"column":29},"end":{"line":19,"column":30}},"loc":{"start":{"line":19,"column":43},"end":{"line":26,"column":9}},"line":19},"1":{"name":"(anonymous_1)","decl":{"start":{"line":20,"column":54},"end":{"line":20,"column":55}},"loc":{"start":{"line":20,"column":66},"end":{"line":25,"column":13}},"line":20},"2":{"name":"(anonymous_2)","decl":{"start":{"line":28,"column":27},"end":{"line":28,"column":28}},"loc":{"start":{"line":28,"column":41},"end":{"line":32,"column":9}},"line":28},"3":{"name":"(anonymous_3)","decl":{"start":{"line":29,"column":53},"end":{"line":29,"column":54}},"loc":{"start":{"line":29,"column":69},"end":{"line":31,"column":13}},"line":29},"4":{"name":"(anonymous_4)","decl":{"start":{"line":34,"column":25},"end":{"line":34,"column":26}},"loc":{"start":{"line":34,"column":30},"end":{"line":36,"column":9}},"line":34}},"branchMap":{},"s":{"0":1,"1":1,"2":1,"3":1,"4":1,"5":1,"6":1,"7":3,"8":3,"9":1,"10":3,"11":3,"12":1,"13":1},"f":{"0":3,"1":3,"2":3,"3":3,"4":1},"b":{},"_coverageSchema":"1a1c01bbd47fc00a2c39e90264f33305004495a9","hash":"44eabd5dc10dfb695f15a5890860270a9b7077fb"}
}
