TN:
SF:localPool.js
FNF:0
FNH:0
DA:1,1
DA:2,1
DA:9,1
DA:12,1
DA:20,1
LF:5
LH:5
BRF:0
BRH:0
end_of_record
TN:
SF:mockServer.js
FN:19,(anonymous_0)
FN:20,(anonymous_1)
FN:28,(anonymous_2)
FN:29,(anonymous_3)
FN:34,(anonymous_4)
FNF:5
FNH:5
FNDA:3,(anonymous_0)
FNDA:3,(anonymous_1)
FNDA:3,(anonymous_2)
FNDA:3,(anonymous_3)
FNDA:1,(anonymous_4)
DA:2,1
DA:3,1
DA:5,1
DA:7,1
DA:8,1
DA:10,1
DA:19,1
DA:20,3
DA:24,3
DA:28,1
DA:29,3
DA:30,3
DA:34,1
DA:38,1
LF:14
LH:14
BRF:0
BRH:0
end_of_record
TN:
SF:s3.js
FN:20,(anonymous_0)
FNF:1
FNH:0
FNDA:0,(anonymous_0)
DA:1,1
DA:2,1
DA:3,1
DA:4,1
DA:6,1
DA:8,1
DA:9,1
DA:10,1
DA:11,1
DA:13,1
DA:20,1
DA:21,0
DA:22,0
DA:24,0
DA:30,0
DA:31,0
DA:35,1
LF:17
LH:12
BRF:0
BRH:0
end_of_record
TN:
SF:server.js
FN:21,(anonymous_0)
FN:33,(anonymous_1)
FNF:2
FNH:1
FNDA:0,(anonymous_0)
FNDA:1,(anonymous_1)
DA:1,1
DA:2,1
DA:3,1
DA:6,1
DA:7,1
DA:8,1
DA:10,1
DA:11,1
DA:12,1
DA:13,1
DA:14,1
DA:15,1
DA:17,1
DA:18,1
DA:21,1
DA:22,0
DA:23,0
DA:27,1
DA:28,1
DA:29,1
DA:30,1
DA:31,1
DA:33,1
DA:34,1
DA:37,1
LF:25
LH:23
BRDA:8,0,0,1
BRDA:8,0,1,1
BRF:2
BRH:2
end_of_record
TN:
SF:AuthRoute/authToken.js
FN:4,(anonymous_0)
FN:8,(anonymous_1)
FNF:2
FNH:0
FNDA:0,(anonymous_0)
FNDA:0,(anonymous_1)
DA:1,1
DA:2,1
DA:4,1
DA:5,0
DA:6,0
DA:7,0
DA:8,0
DA:9,0
DA:10,0
DA:14,1
LF:10
LH:4
BRDA:6,0,0,0
BRDA:6,0,1,0
BRDA:7,1,0,0
BRDA:7,1,1,0
BRDA:9,2,0,0
BRDA:9,2,1,0
BRF:6
BRH:0
end_of_record
TN:
SF:AuthRoute/register_login.js
FN:16,(anonymous_0)
FN:20,(anonymous_1)
FN:27,(anonymous_2)
FN:51,(anonymous_3)
FN:59,(anonymous_4)
FNF:5
FNH:0
FNDA:0,(anonymous_0)
FNDA:0,(anonymous_1)
FNDA:0,(anonymous_2)
FNDA:0,(anonymous_3)
FNDA:0,(anonymous_4)
DA:1,1
DA:2,1
DA:3,1
DA:5,1
DA:6,1
DA:7,1
DA:8,1
DA:10,1
DA:18,0
DA:20,0
DA:22,0
DA:23,0
DA:26,0
DA:27,0
DA:30,0
DA:31,0
DA:33,0
DA:35,0
DA:37,0
DA:38,0
DA:40,0
DA:41,0
DA:43,0
DA:51,1
DA:52,0
DA:54,0
DA:57,0
DA:59,0
DA:62,0
DA:64,0
DA:66,0
DA:68,0
DA:71,0
DA:72,0
DA:81,0
DA:92,0
DA:93,0
DA:96,0
DA:100,1
LF:39
LH:10
BRDA:22,0,0,0
BRDA:22,0,1,0
BRDA:30,1,0,0
BRDA:30,1,1,0
BRDA:54,2,0,0
BRDA:54,2,1,0
BRDA:54,3,0,0
BRDA:54,3,1,0
BRDA:62,4,0,0
BRDA:62,4,1,0
BRDA:71,5,0,0
BRDA:71,5,1,0
BRDA:92,6,0,0
BRDA:92,6,1,0
BRF:14
BRH:0
end_of_record
TN:
SF:routes/Admin.js
FN:7,(anonymous_0)
FN:17,(anonymous_1)
FN:28,(anonymous_2)
FN:40,(anonymous_3)
FN:54,(anonymous_4)
FN:68,(anonymous_5)
FNF:6
FNH:0
FNDA:0,(anonymous_0)
FNDA:0,(anonymous_1)
FNDA:0,(anonymous_2)
FNDA:0,(anonymous_3)
FNDA:0,(anonymous_4)
FNDA:0,(anonymous_5)
DA:1,1
DA:3,1
DA:5,1
DA:7,1
DA:8,0
DA:9,0
DA:10,0
DA:12,0
DA:17,1
DA:18,0
DA:19,0
DA:20,0
DA:22,0
DA:28,1
DA:29,0
DA:30,0
DA:31,0
DA:34,0
DA:36,0
DA:40,1
DA:42,0
DA:43,0
DA:44,0
DA:48,0
DA:50,0
DA:54,1
DA:55,0
DA:56,0
DA:57,0
DA:58,0
DA:62,0
DA:64,0
DA:68,1
DA:69,0
DA:70,0
DA:71,0
DA:75,0
DA:77,0
DA:84,1
LF:39
LH:10
BRF:0
BRH:0
end_of_record
TN:
SF:routes/Tech.js
FN:7,(anonymous_0)
FN:22,(anonymous_1)
FN:36,(anonymous_2)
FN:47,(anonymous_3)
FN:58,(anonymous_4)
FN:71,(anonymous_5)
FN:74,(anonymous_6)
FNF:7
FNH:0
FNDA:0,(anonymous_0)
FNDA:0,(anonymous_1)
FNDA:0,(anonymous_2)
FNDA:0,(anonymous_3)
FNDA:0,(anonymous_4)
FNDA:0,(anonymous_5)
FNDA:0,(anonymous_6)
DA:1,1
DA:3,1
DA:4,1
DA:5,1
DA:7,1
DA:8,0
DA:9,0
DA:10,0
DA:14,0
DA:16,0
DA:22,1
DA:23,0
DA:24,0
DA:25,0
DA:30,0
DA:32,0
DA:36,1
DA:37,0
DA:38,0
DA:39,0
DA:40,0
DA:41,0
DA:43,0
DA:47,1
DA:48,0
DA:49,0
DA:50,0
DA:51,0
DA:52,0
DA:54,0
DA:58,1
DA:59,0
DA:60,0
DA:61,0
DA:65,0
DA:67,0
DA:71,1
DA:73,0
DA:74,0
DA:75,0
DA:76,0
DA:78,0
DA:79,0
DA:83,0
DA:85,0
DA:105,1
LF:46
LH:11
BRDA:75,0,0,0
BRDA:75,0,1,0
BRF:2
BRH:0
end_of_record
TN:
SF:routes/User.js
FN:7,(anonymous_0)
FN:25,(anonymous_1)
FN:40,(anonymous_2)
FN:70,(anonymous_3)
FN:83,(anonymous_4)
FN:96,(anonymous_5)
FNF:6
FNH:0
FNDA:0,(anonymous_0)
FNDA:0,(anonymous_1)
FNDA:0,(anonymous_2)
FNDA:0,(anonymous_3)
FNDA:0,(anonymous_4)
FNDA:0,(anonymous_5)
DA:1,1
DA:3,1
DA:4,1
DA:5,1
DA:7,1
DA:8,0
DA:9,0
DA:10,0
DA:14,0
DA:16,0
DA:20,1
DA:38,0
DA:40,0
DA:42,0
DA:43,0
DA:45,0
DA:46,0
DA:62,0
DA:64,0
DA:70,1
DA:71,0
DA:72,0
DA:73,0
DA:77,0
DA:79,0
DA:83,1
DA:84,0
DA:85,0
DA:86,0
DA:90,0
DA:92,0
DA:96,1
DA:97,0
DA:98,0
DA:99,0
DA:100,0
DA:104,0
DA:106,0
DA:110,1
LF:39
LH:10
BRDA:42,0,0,0
BRDA:42,0,1,0
BRF:2
BRH:0
end_of_record
